[2026-04-24T07:49:53.670Z] info: kubernetes.yaml was copied to the config folder
[2026-04-24T07:50:03.885Z] info: custom.js was copied to the config folder
[2026-04-24T07:50:04.003Z] info: proxmox.yaml was copied to the config folder
[2026-05-04T21:25:04.068Z] error: <httpProxy> Error calling http://gluetun:8080/api/v2/torrents/info...
[2026-05-04T21:25:04.072Z] error: <httpProxy> [
  500,
  Error: connect ECONNREFUSED 172.19.0.15:8080
      at <unknown> (Error: connect ECONNREFUSED 172.19.0.15:8080) {
    errno: -111,
    code: 'ECONNREFUSED',
    syscall: 'connect',
    address: '172.19.0.15',
    port: 8080
  }
]
[2026-05-04T21:25:04.073Z] error: <qbittorrentProxyHandler> HTTP 500 getting data from qBittorrent.  Data: { error: [Object] }
[2026-05-04T21:25:13.493Z] error: <httpProxy> Error calling http://gluetun:8080/api/v2/torrents/info...
[2026-05-04T21:25:13.493Z] error: <httpProxy> [
  500,
  Error: connect ECONNREFUSED 172.19.0.15:8080
      at <unknown> (Error: connect ECONNREFUSED 172.19.0.15:8080) {
    errno: -111,
    code: 'ECONNREFUSED',
    syscall: 'connect',
    address: '172.19.0.15',
    port: 8080
  }
]
[2026-05-04T21:25:13.493Z] error: <qbittorrentProxyHandler> HTTP 500 getting data from qBittorrent.  Data: { error: [Object] }
[2026-05-04T22:06:06.222Z] error: <httpProxy> Error calling http://gluetun:8080/api/v2/torrents/info...
[2026-05-04T22:06:06.223Z] error: <httpProxy> [
  500,
  Error: connect ECONNREFUSED 172.19.0.15:8080
      at <unknown> (Error: connect ECONNREFUSED 172.19.0.15:8080) {
    errno: -111,
    code: 'ECONNREFUSED',
    syscall: 'connect',
    address: '172.19.0.15',
    port: 8080
  }
]
[2026-05-04T22:06:06.223Z] error: <qbittorrentProxyHandler> HTTP 500 getting data from qBittorrent.  Data: { error: [Object] }
[2026-05-04T22:06:11.536Z] error: <httpProxy> Error calling http://gluetun:8080/api/v2/torrents/info...
[2026-05-04T22:06:11.537Z] error: <httpProxy> [
  500,
  Error: connect ECONNREFUSED 172.19.0.15:8080
      at <unknown> (Error: connect ECONNREFUSED 172.19.0.15:8080) {
    errno: -111,
    code: 'ECONNREFUSED',
    syscall: 'connect',
    address: '172.19.0.15',
    port: 8080
  }
]
[2026-05-04T22:06:11.537Z] error: <qbittorrentProxyHandler> HTTP 500 getting data from qBittorrent.  Data: { error: [Object] }
[2026-05-04T22:06:16.772Z] error: <httpProxy> Error calling http://gluetun:8080/api/v2/torrents/info...
[2026-05-04T22:06:16.772Z] error: <httpProxy> [
  500,
  Error: connect ECONNREFUSED 172.19.0.15:8080
      at <unknown> (Error: connect ECONNREFUSED 172.19.0.15:8080) {
    errno: -111,
    code: 'ECONNREFUSED',
    syscall: 'connect',
    address: '172.19.0.15',
    port: 8080
  }
]
[2026-05-04T22:06:16.772Z] error: <qbittorrentProxyHandler> HTTP 500 getting data from qBittorrent.  Data: { error: [Object] }
[2026-05-04T22:06:26.595Z] error: <httpProxy> Error calling http://gluetun:8080/api/v2/torrents/info...
[2026-05-04T22:06:26.595Z] error: <httpProxy> [
  500,
  Error: connect ECONNREFUSED 172.19.0.15:8080
      at <unknown> (Error: connect ECONNREFUSED 172.19.0.15:8080) {
    errno: -111,
    code: 'ECONNREFUSED',
    syscall: 'connect',
    address: '172.19.0.15',
    port: 8080
  }
]
[2026-05-04T22:06:26.595Z] error: <qbittorrentProxyHandler> HTTP 500 getting data from qBittorrent.  Data: { error: [Object] }
[2026-05-04T22:06:33.220Z] error: <httpProxy> Error calling http://gluetun:8080/api/v2/torrents/info...
[2026-05-04T22:06:33.221Z] error: <httpProxy> [
  500,
  Error: connect ECONNREFUSED 172.19.0.15:8080
      at <unknown> (Error: connect ECONNREFUSED 172.19.0.15:8080) {
    errno: -111,
    code: 'ECONNREFUSED',
    syscall: 'connect',
    address: '172.19.0.15',
    port: 8080
  }
]
[2026-05-04T22:06:33.221Z] error: <qbittorrentProxyHandler> HTTP 500 getting data from qBittorrent.  Data: { error: [Object] }
[2026-05-04T23:12:41.485Z] error: <httpProxy> Error calling http://gluetun:8080/api/v2/torrents/info...
[2026-05-04T23:12:41.486Z] error: <httpProxy> [
  500,
  Error: connect ECONNREFUSED 172.19.0.15:8080
      at <unknown> (Error: connect ECONNREFUSED 172.19.0.15:8080) {
    errno: -111,
    code: 'ECONNREFUSED',
    syscall: 'connect',
    address: '172.19.0.15',
    port: 8080
  }
]
[2026-05-04T23:12:41.486Z] error: <qbittorrentProxyHandler> HTTP 500 getting data from qBittorrent.  Data: { error: [Object] }
[2026-05-04T23:20:08.544Z] error: <httpProxy> Error calling http://gluetun:8080/api/v2/torrents/info...
[2026-05-04T23:20:08.544Z] error: <httpProxy> [
  500,
  Error: queryAaaa ENOTFOUND gluetun
      at ignore-listed frames {
    errno: undefined,
    code: 'ENOTFOUND',
    syscall: 'queryAaaa',
    hostname: 'gluetun'
  }
]
[2026-05-04T23:20:08.544Z] error: <qbittorrentProxyHandler> HTTP 500 getting data from qBittorrent.  Data: { error: [Object] }
[2026-05-04T23:20:19.248Z] error: <httpProxy> Error calling http://gluetun:8080/api/v2/torrents/info...
[2026-05-04T23:20:19.248Z] error: <httpProxy> [
  500,
  Error: connect ECONNREFUSED 172.19.0.11:8080
      at <unknown> (Error: connect ECONNREFUSED 172.19.0.11:8080) {
    errno: -111,
    code: 'ECONNREFUSED',
    syscall: 'connect',
    address: '172.19.0.11',
    port: 8080
  }
]
[2026-05-04T23:20:19.248Z] error: <qbittorrentProxyHandler> HTTP 500 getting data from qBittorrent.  Data: { error: [Object] }
[2026-05-04T23:22:09.375Z] error: <httpProxy> Error calling http://gluetun:8080/api/v2/torrents/info...
[2026-05-04T23:22:09.375Z] error: <httpProxy> [
  500,
  Error: connect ECONNREFUSED 172.19.0.11:8080
      at <unknown> (Error: connect ECONNREFUSED 172.19.0.11:8080) {
    errno: -111,
    code: 'ECONNREFUSED',
    syscall: 'connect',
    address: '172.19.0.11',
    port: 8080
  }
]
[2026-05-04T23:22:09.375Z] error: <qbittorrentProxyHandler> HTTP 500 getting data from qBittorrent.  Data: { error: [Object] }
[2026-05-04T23:23:08.047Z] error: <qbittorrentProxyHandler> HTTP 204 logging in to qBittorrent.  Data: 
[2026-05-05T19:51:14.184Z] error: <qbittorrentProxyHandler> HTTP 204 logging in to qBittorrent.  Data: 
[2026-05-06T09:01:30.040Z] error: <qbittorrentProxyHandler> HTTP 204 logging in to qBittorrent.  Data: 
[2026-05-06T18:06:23.435Z] error: <qbittorrentProxyHandler> HTTP 204 logging in to qBittorrent.  Data: 
[2026-05-06T22:22:52.111Z] error: <qbittorrentProxyHandler> HTTP 204 logging in to qBittorrent.  Data: 
[2026-05-07T07:17:21.904Z] error: <qbittorrentProxyHandler> HTTP 204 logging in to qBittorrent.  Data: 
[2026-05-07T19:50:49.846Z] error: <qbittorrentProxyHandler> HTTP 204 logging in to qBittorrent.  Data: 
[2026-05-07T21:03:26.010Z] error: <qbittorrentProxyHandler> HTTP 204 logging in to qBittorrent.  Data: 
[2026-05-08T19:51:03.637Z] error: <qbittorrentProxyHandler> HTTP 204 logging in to qBittorrent.  Data: 
[2026-05-09T04:49:17.246Z] error: <qbittorrentProxyHandler> HTTP 204 logging in to qBittorrent.  Data: 
[2026-05-09T08:02:53.447Z] error: <qbittorrentProxyHandler> HTTP 204 logging in to qBittorrent.  Data: 
[2026-05-09T22:01:17.144Z] error: <qbittorrentProxyHandler> HTTP 204 logging in to qBittorrent.  Data: 
[2026-05-10T01:27:24.248Z] error: <qbittorrentProxyHandler> HTTP 204 logging in to qBittorrent.  Data: 
[2026-05-10T06:19:14.084Z] error: <qbittorrentProxyHandler> HTTP 204 logging in to qBittorrent.  Data: 
[2026-05-10T08:44:59.340Z] error: <qbittorrentProxyHandler> HTTP 204 logging in to qBittorrent.  Data: 
[2026-05-11T08:34:38.863Z] error: <qbittorrentProxyHandler> HTTP 204 logging in to qBittorrent.  Data: 
[2026-05-12T00:45:58.327Z] error: <qbittorrentProxyHandler> HTTP 204 logging in to qBittorrent.  Data: 
